<?xml version="1.0" encoding="UTF-8"?>
<!-- Generated by org.testng.reporters.JUnitXMLReporter -->
<testsuite ignored="0" hostname="macbook.local" failures="0" tests="6" name="Surefire test" time="0.046" errors="0" timestamp="2022-04-13T16:08:28 EDT">
  <testcase classname="AppiumTest" name="nativeAppAndroid" time="0.007"/>
  <testcase classname="AppiumTest" name="nativeAppIOS" time="0.001"/>
  <testcase classname="SeleniumTest" name="browserAutomation" time="0.001"/>
  <testcase classname="SeleniumTest" name="elementsUI" time="0.001"/>
  <testcase classname="RESTAPITest" name="deleteTwitter" time="0.002"/>
  <testcase classname="RESTAPITest" name="postJira" time="0.001"/>
</testsuite> <!-- Surefire test -->
